2018-09-15 14:06:30 +0000  Initial pipeline context: <IDEDistributionProcessingPipelineContext: 0x7fd659575dc0; archive(resolved)='<IDEArchive: 0x7fd654f90a00>', distributionTask(resolved)='2', distributionMethod(resolved)='<IDEDistributionMethodiOSEnterprise: 0x7fd659349770>', team(resolved)='<IDEProvisioningBasicTeam: 0x7fd65914a920; teamID='3LT4R62MQU', teamName='zolotaya gora, ooo'>'>
	Chain (11, self inclusive):
	<IDEDistributionProcessingPipelineContext: 0x7fd659575dc0; archive = '<IDEArchive: 0x7fd654f90a00>', distributionMethod='<IDEDistributionMethodiOSEnterprise: 0x7fd659349770>', team='<IDEProvisioningBasicTeam: 0x7fd65914a920; teamID='3LT4R62MQU', teamName='zolotaya gora, ooo'>'>
	<IDEDistributionProcessingPipelineContext: 0x7fd654b353a0; archive = '<IDEArchive: 0x7fd654f90a00>', distributionMethod='<IDEDistributionMethodiOSEnterprise: 0x7fd659349770>', team='<IDEProvisioningBasicTeam: 0x7fd65914a920; teamID='3LT4R62MQU', teamName='zolotaya gora, ooo'>'>
	<IDEDistributionContext: 0x7fd658253160; archive = '<IDEArchive: 0x7fd654f90a00>', distributionMethod='<IDEDistributionMethodiOSEnterprise: 0x7fd659349770>', team='<IDEProvisioningBasicTeam: 0x7fd65914a920; teamID='3LT4R62MQU', teamName='zolotaya gora, ooo'>'>
	<IDEDistributionContext: 0x7fd6593bd020; archive = '<IDEArchive: 0x7fd654f90a00>', distributionMethod='<IDEDistributionMethodiOSEnterprise: 0x7fd659349770>', team='<IDEProvisioningBasicTeam: 0x7fd65914a920; teamID='3LT4R62MQU', teamName='zolotaya gora, ooo'>'>
	<IDEDistributionContext: 0x7fd667d1c890; archive = '<IDEArchive: 0x7fd654f90a00>', distributionMethod='<IDEDistributionMethodiOSEnterprise: 0x7fd659349770>', team='<IDEProvisioningBasicTeam: 0x7fd65914a920; teamID='3LT4R62MQU', teamName='zolotaya gora, ooo'>'>
	<IDEDistributionContext: 0x7fd657610960; archive = '<IDEArchive: 0x7fd654f90a00>', distributionMethod='<IDEDistributionMethodiOSEnterprise: 0x7fd659349770>', team='<IDEProvisioningBasicTeam: 0x7fd65914a920; teamID='3LT4R62MQU', teamName='zolotaya gora, ooo'>'>
	<IDEDistributionContext: 0x7fd6593506a0; archive = '<IDEArchive: 0x7fd654f90a00>', distributionMethod='<IDEDistributionMethodiOSEnterprise: 0x7fd659349770>', team='<IDEProvisioningBasicTeam: 0x7fd65914a920; teamID='3LT4R62MQU', teamName='zolotaya gora, ooo'>'>
	<IDEDistributionContext: 0x7fd651a979f0; archive = '<IDEArchive: 0x7fd654f90a00>', distributionMethod='<IDEDistributionMethodiOSEnterprise: 0x7fd659349770>', team='<IDEProvisioningBasicTeam: 0x7fd65914a920; teamID='3LT4R62MQU', teamName='zolotaya gora, ooo'>'>
	<IDEDistributionContext: 0x7fd658430ee0; archive = '<IDEArchive: 0x7fd654f90a00>', distributionMethod='<IDEDistributionMethodiOSEnterprise: 0x7fd659349770>', team='<IDEProvisioningBasicTeam: 0x7fd65914a920; teamID='3LT4R62MQU', teamName='zolotaya gora, ooo'>'>
	<IDEDistributionContext: 0x7fd66dac2710; archive = '<IDEArchive: 0x7fd654f90a00>', distributionMethod='<IDEDistributionMethodiOSEnterprise: 0x7fd659349770>', team='(null)'>
	<IDEDistributionContext: 0x7fd659305a80; archive = '<IDEArchive: 0x7fd654f90a00>', distributionMethod='(null)', team='(null)'>
</IDEDistributionProcessingPipelineContext: 0x7fd659575dc0>
2018-09-15 14:06:30 +0000  Processing step: IDEDistributionCreateDestRootStep
2018-09-15 14:06:30 +0000  Processing step: IDEDistributionCopyItemStep
2018-09-15 14:06:30 +0000  Running /usr/bin/ditto '-V' '/Users/hgh/Library/Developer/Xcode/Archives/2018-09-15/Core 2018-9-15 22.04.xcarchive/Products/Applications/Core.app' '/var/folders/29/d23_xfj93db2dkmshszsd_3c0000gn/T/XcodeDistPipeline.aWd/Root/Payload/Core.app'
2018-09-15 14:06:30 +0000  >>> Copying /Users/hgh/Library/Developer/Xcode/Archives/2018-09-15/Core 2018-9-15 22.04.xcarchive/Products/Applications/Core.app 
2018-09-15 14:06:30 +0000  copying file ./_CodeSignature/CodeResources ... 
2018-09-15 14:06:30 +0000  86692 bytes for ./_CodeSignature/CodeResources
2018-09-15 14:06:30 +0000  copying file ./add01@2x.png ... 
2374 bytes for ./add01@2x.png
copying file ./add01@3x.png ... 
3252 bytes for ./add01@3x.png
copying file ./add01_pre@2x.png ... 
2018-09-15 14:06:30 +0000  2186 bytes for ./add01_pre@2x.png
copying file ./add01_pre@3x.png ... 
3235 bytes for ./add01_pre@3x.png
copying file ./addMan@2x.png ... 
2018-09-15 14:06:30 +0000  2363 bytes for ./addMan@2x.png
copying file ./addMan@3x.png ... 
3631 bytes for ./addMan@3x.png
copying file ./addMan_pre@2x.png ... 
2353 bytes for ./addMan_pre@2x.png
copying file ./addMan_pre@3x.png ... 
2018-09-15 14:06:30 +0000  2483 bytes for ./addMan_pre@3x.png
copying file ./AlertViewtextFieldBackgroupImage@2x.png ... 
4407 bytes for ./AlertViewtextFieldBackgroupImage@2x.png
copying file ./AppIcon20x20@2x.png ... 
2018-09-15 14:06:30 +0000  5653 bytes for ./AppIcon20x20@2x.png
copying file ./AppIcon20x20@3x.png ... 
11521 bytes for ./AppIcon20x20@3x.png
copying file ./AppIcon29x29@2x.png ... 
10874 bytes for ./AppIcon29x29@2x.png
copying file ./AppIcon29x29@3x.png ... 
2018-09-15 14:06:30 +0000  22328 bytes for ./AppIcon29x29@3x.png
copying file ./AppIcon40x40@2x.png ... 
19178 bytes for ./AppIcon40x40@2x.png
copying file ./AppIcon40x40@3x.png ... 
40149 bytes for ./AppIcon40x40@3x.png
copying file ./AppIcon60x60@2x.png ... 
40149 bytes for ./AppIcon60x60@2x.png
copying file ./AppIcon60x60@3x.png ... 
2018-09-15 14:06:30 +0000  80049 bytes for ./AppIcon60x60@3x.png
copying file ./arrows_43@2x.png ... 
2018-09-15 14:06:30 +0000  427 bytes for ./arrows_43@2x.png
copying file ./arrows_43@3x.png ... 
618 bytes for ./arrows_43@3x.png
copying file ./Assets.car ... 
2018-09-15 14:06:30 +0000  15486520 bytes for ./Assets.car
copying file ./bar_anxia@2x.png ... 
2018-09-15 14:06:30 +0000  1566 bytes for ./bar_anxia@2x.png
copying file ./bar_nor@2x.png ... 
1465 bytes for ./bar_nor@2x.png
copying file ./camera_35@2x.png ... 
1983 bytes for ./camera_35@2x.png
copying file ./camera_35@3x.png ... 
2883 bytes for ./camera_35@3x.png
copying file ./card_39@2x.png ... 
2643 bytes for ./card_39@2x.png
copying file ./card_39@3x.png ... 
3850 bytes for ./card_39@3x.png
copying file ./chat_menu_bar@2x.png ... 
550 bytes for ./chat_menu_bar@2x.png
copying file ./chat_voice@2x.png ... 
1171 bytes for ./chat_voice@2x.png
copying file ./Core ... 
2018-09-15 14:06:30 +0000  13531792 bytes for ./Core
copying file ./createConversation@2x.png ... 
3218 bytes for ./createConversation@2x.png
copying file ./delete_49@2x.png ... 
843 bytes for ./delete_49@2x.png
copying file ./delete_49@3x.png ... 
713 bytes for ./delete_49@3x.png
copying file ./deleteMan@2x.png ... 
2007 bytes for ./deleteMan@2x.png
copying file ./deleteMan@3x.png ... 
3005 bytes for ./deleteMan@3x.png
copying file ./deleteMan_pre@2x.png ... 
1995 bytes for ./deleteMan_pre@2x.png
copying file ./embedded.mobileprovision ... 
7470 bytes for ./embedded.mobileprovision
copying file ./face@2x.png ... 
2043 bytes for ./face@2x.png
copying file ./face_16@2x.png ... 
2893 bytes for ./face_16@2x.png
copying file ./face_16@3x.png ... 
3935 bytes for ./face_16@3x.png
copying file ./face_16_pre@2x.png ... 
2608 bytes for ./face_16_pre@2x.png
copying file ./face_16_pre@3x.png ... 
3914 bytes for ./face_16_pre@3x.png
copying file ./fail05@2x.png ... 
975 bytes for ./fail05@2x.png
copying file ./fail05@3x.png ... 
1925 bytes for ./fail05@3x.png
copying file ./file_message_bg.png ... 
4466 bytes for ./file_message_bg.png
copying file ./frame@2x.png ... 
6841 bytes for ./frame@2x.png
copying file ./group_33@2x.png ... 
3621 bytes for ./group_33@2x.png
copying file ./group_33@3x.png ... 
7165 bytes for ./group_33@3x.png
copying file ./groupDetail@2x.png ... 
2018-09-15 14:06:30 +0000  3873 bytes for ./groupDetail@2x.png
copying file ./groupDetail@3x.png ... 
1890 bytes for ./groupDetail@3x.png
copying file ./headDefalt@2x.png ... 
5551 bytes for ./headDefalt@2x.png
copying file ./headDefalt@3x.png ... 
6123 bytes for ./headDefalt@3x.png
copying file ./image_no_picked.png ... 
770 bytes for ./image_no_picked.png
copying file ./image_no_picked@2x.png ... 
1648 bytes for ./image_no_picked@2x.png
copying file ./image_no_picked@3x.png ... 
2949 bytes for ./image_no_picked@3x.png
copying file ./image_picked.png ... 
594 bytes for ./image_picked.png
copying file ./image_picked@2x.png ... 
1186 bytes for ./image_picked@2x.png
copying file ./image_picked@3x.png ... 
2081 bytes for ./image_picked@3x.png
copying file ./Info.plist ... 
2776 bytes for ./Info.plist
copying file ./IQKeyboardManager.bundle/IQButtonBarArrowDown@2x.png ... 
1764 bytes for ./IQKeyboardManager.bundle/IQButtonBarArrowDown@2x.png
copying file ./IQKeyboardManager.bundle/IQButtonBarArrowDown@3x.png ... 
2177 bytes for ./IQKeyboardManager.bundle/IQButtonBarArrowDown@3x.png
copying file ./IQKeyboardManager.bundle/IQButtonBarArrowLeft@2x.png ... 
1793 bytes for ./IQKeyboardManager.bundle/IQButtonBarArrowLeft@2x.png
copying file ./IQKeyboardManager.bundle/IQButtonBarArrowLeft@3x.png ... 
1815 bytes for ./IQKeyboardManager.bundle/IQButtonBarArrowLeft@3x.png
copying file ./IQKeyboardManager.bundle/IQButtonBarArrowRight@2x.png ... 
1786 bytes for ./IQKeyboardManager.bundle/IQButtonBarArrowRight@2x.png
copying file ./IQKeyboardManager.bundle/IQButtonBarArrowRight@3x.png ... 
1844 bytes for ./IQKeyboardManager.bundle/IQButtonBarArrowRight@3x.png
copying file ./IQKeyboardManager.bundle/IQButtonBarArrowUp@2x.png ... 
1769 bytes for ./IQKeyboardManager.bundle/IQButtonBarArrowUp@2x.png
copying file ./IQKeyboardManager.bundle/IQButtonBarArrowUp@3x.png ... 
2164 bytes for ./IQKeyboardManager.bundle/IQButtonBarArrowUp@3x.png
copying file ./JCHATAboutViewController.nib ... 
8189 bytes for ./JCHATAboutViewController.nib
copying file ./JCHATAddViewController.nib ... 
974 bytes for ./JCHATAddViewController.nib
copying file ./JCHATAlbumTableViewCell.nib ... 
4012 bytes for ./JCHATAlbumTableViewCell.nib
copying file ./JCHATAlbumViewController.nib ... 
2001 bytes for ./JCHATAlbumViewController.nib
copying file ./JCHATAlreadyLoginViewController.nib ... 
7777 bytes for ./JCHATAlreadyLoginViewController.nib
copying file ./JCHATChangeNameViewController.nib ... 
6532 bytes for ./JCHATChangeNameViewController.nib
copying file ./JCHATContactsViewController.nib ... 
3192 bytes for ./JCHATContactsViewController.nib
copying file ./JCHATConversationListCell.nib ... 
7573 bytes for ./JCHATConversationListCell.nib
copying file ./JCHATConversationListViewController.nib ... 
4677 bytes for ./JCHATConversationListViewController.nib
copying file ./JCHATConversationViewController.nib ... 
3085 bytes for ./JCHATConversationViewController.nib
copying file ./JCHATDebugViewController.nib ... 
6063 bytes for ./JCHATDebugViewController.nib
copying file ./JCHATDetailsInfoViewController.nib ... 
2006 bytes for ./JCHATDetailsInfoViewController.nib
copying file ./JCHATDetailTableViewCell.nib ... 
2948 bytes for ./JCHATDetailTableViewCell.nib
copying file ./JCHATFootTableCollectionReusableView.nib ... 
2093 bytes for ./JCHATFootTableCollectionReusableView.nib
copying file ./JCHATFootTableViewCell.nib ... 
4639 bytes for ./JCHATFootTableViewCell.nib
copying file ./JCHATFrIendDetailMessgeCell.nib ... 
3032 bytes for ./JCHATFrIendDetailMessgeCell.nib
copying file ./JCHATFriendDetailViewController.nib ... 
2006 bytes for ./JCHATFriendDetailViewController.nib
copying file ./JCHATGroupDetailFooterReusableView.nib ... 
5900 bytes for ./JCHATGroupDetailFooterReusableView.nib
copying file ./JCHATGroupDetailViewController.nib ... 
1974 bytes for ./JCHATGroupDetailViewController.nib
copying file ./JCHATGroupMemberCollectionViewCell.nib ... 
5063 bytes for ./JCHATGroupMemberCollectionViewCell.nib
copying file ./JCHATGroupPersonView.nib ... 
3957 bytes for ./JCHATGroupPersonView.nib
copying file ./JCHATGr
2018-09-15 14:06:30 +0000  oupSettingCell.nib ... 
5071 bytes for ./JCHATGroupSettingCell.nib
copying file ./JCHATLoginViewController.nib ... 
7746 bytes for ./JCHATLoginViewController.nib
copying file ./JCHATMoreView.nib ... 
2911 bytes for ./JCHATMoreView.nib
copying file ./JCHATMsgAlertSoundTableViewCell.nib ... 
3326 bytes for ./JCHATMsgAlertSoundTableViewCell.nib
copying file ./JCHATMsgAlertStateTableViewCell.nib ... 
3558 bytes for ./JCHATMsgAlertStateTableViewCell.nib
copying file ./JCHATPersonInfoCell.nib ... 
5262 bytes for ./JCHATPersonInfoCell.nib
copying file ./JCHATPersonViewController.nib ... 
974 bytes for ./JCHATPersonViewController.nib
copying file ./JCHATPhotoBrowserCollectionViewCell.nib ... 
2307 bytes for ./JCHATPhotoBrowserCollectionViewCell.nib
copying file ./JCHATPhotoBrowserViewController.nib ... 
5268 bytes for ./JCHATPhotoBrowserViewController.nib
copying file ./JCHATPhotoPickerViewController.nib ... 
974 bytes for ./JCHATPhotoPickerViewController.nib
copying file ./JCHATPhotoSelectViewController.nib ... 
4586 bytes for ./JCHATPhotoSelectViewController.nib
copying file ./JCHATRegisterDetailViewController.nib ... 
6209 bytes for ./JCHATRegisterDetailViewController.nib
copying file ./JCHATRegisterViewController.nib ... 
6217 bytes for ./JCHATRegisterViewController.nib
copying file ./JCHATSelectFriendCell.nib ... 
4986 bytes for ./JCHATSelectFriendCell.nib
copying file ./JCHATSelectFriendsCtl.nib ... 
974 bytes for ./JCHATSelectFriendsCtl.nib
copying file ./JCHATSetDetailViewController.nib ... 
5770 bytes for ./JCHATSetDetailViewController.nib
copying file ./JCHATSetDisturbTableViewCell.nib ... 
3133 bytes for ./JCHATSetDisturbTableViewCell.nib
copying file ./JCHATSetting_Cell.nib ... 
4508 bytes for ./JCHATSetting_Cell.nib
copying file ./JCHATSettingCell.nib ... 
5254 bytes for ./JCHATSettingCell.nib
copying file ./JCHATSettingViewController.nib ... 
974 bytes for ./JCHATSettingViewController.nib
copying file ./JCHATShowTimeCell.nib ... 
2748 bytes for ./JCHATShowTimeCell.nib
copying file ./JCHATTabBarViewController.nib ... 
1220 bytes for ./JCHATTabBarViewController.nib
copying file ./JCHATToolBar.nib ... 
3756 bytes for ./JCHATToolBar.nib
copying file ./JCHATUpdatePasswordCtl.nib ... 
7059 bytes for ./JCHATUpdatePasswordCtl.nib
copying file ./JCHATUserInfoViewController.nib ... 
2007 bytes for ./JCHATUserInfoViewController.nib
copying file ./jianpan@2x.png ... 
1608 bytes for ./jianpan@2x.png
copying file ./jiantou@2x.png ... 
254 bytes for ./jiantou@2x.png
copying file ./keyboard_toolbar@2x.png ... 
3069 bytes for ./keyboard_toolbar@2x.png
copying file ./keyboard_toolbar@3x.png ... 
768 bytes for ./keyboard_toolbar@3x.png
copying file ./keyboard_toolbar_pre@2x.png ... 
3063 bytes for ./keyboard_toolbar_pre@2x.png
copying file ./keyboard_toolbar_pre@3x.png ... 
757 bytes for ./keyboard_toolbar_pre@3x.png
copying file ./Launch Screen.storyboardc/01J-lp-oVM-view-Ze5-6b-2t3.nib ... 
2018-09-15 14:06:30 +0000  2389 bytes for ./Launch Screen.storyboardc/01J-lp-oVM-view-Ze5-6b-2t3.nib
copying file ./Launch Screen.storyboardc/Info.plist ... 
258 bytes for ./Launch Screen.storyboardc/Info.plist
copying file ./Launch Screen.storyboardc/UIViewController-01J-lp-oVM.nib ... 
2018-09-15 14:06:30 +0000  832 bytes for ./Launch Screen.storyboardc/UIViewController-01J-lp-oVM.nib
copying file ./LBActivationListCell.nib ... 
2018-09-15 14:06:30 +0000  5094 bytes for ./LBActivationListCell.nib
copying file ./LBDepositViewController.nib ... 
2018-09-15 14:06:30 +0000  9455 bytes for ./LBDepositViewController.nib
copying file ./LBForgetPassWorldViewController.nib ... 
4537 bytes for ./LBForgetPassWorldViewController.nib
copying file ./LBInvitationCodeViewController.nib ... 
2018-09-15 14:06:30 +0000  4983 bytes for ./LBInvitationCodeViewController.nib
copying file ./LBLoginViewController.nib ... 
2018-09-15 14:06:30 +0000  6718 bytes for ./LBLoginViewController.nib
copying file ./LBRechargerViewController.nib ... 
2018-09-15 14:06:30 +0000  5980 bytes for ./LBRechargerViewController.nib
copying file ./LBRegisterViewController.nib ... 
2018-09-15 14:06:30 +0000  6028 bytes for ./LBRegisterViewController.nib
copying file ./location_31@2x.png ... 
2018-09-15 14:06:30 +0000  2363 bytes for ./location_31@2x.png
copying file ./location_31@3x.png ... 
2018-09-15 14:06:30 +0000  3482 bytes for ./location_31@3x.png
copying file ./location_address.png ... 
2018-09-15 14:06:30 +0000  10258 bytes for ./location_address.png
copying file ./lookup.png ... 
2095 bytes for ./lookup.png
2018-09-15 14:06:30 +0000  copying file ./lookup_amatorka.png ... 
36390 bytes for ./lookup_amatorka.png
2018-09-15 14:06:30 +0000  copying file ./lookup_miss_etikate.png ... 
2018-09-15 14:06:30 +0000  202596 bytes for ./lookup_miss_etikate.png
copying file ./lookup_soft_elegance_1.png ... 
129208 bytes for ./lookup_soft_elegance_1.png
copying file ./lookup_soft_elegance_2.png ... 
2199 bytes for ./lookup_soft_elegance_2.png
copying file ./menu_bar_bg@2x.png ... 
3255 bytes for ./menu_bar_bg@2x.png
2018-09-15 14:06:30 +0000  copying file ./MJPhotoBrowser.bundle/save_icon.png ... 
1727 bytes for ./MJPhotoBrowser.bundle/save_icon.png
copying file ./MJPhotoBrowser.bundle/save_icon@2x.png ... 
2247 bytes for ./MJPhotoBrowser.bundle/save_icon@2x.png
2018-09-15 14:06:30 +0000  copying file ./MJPhotoBrowser.bundle/save_icon_highlighted.png ... 
1744 bytes for ./MJPhotoBrowser.bundle/save_icon_highlighted.png
copying file ./MJPhotoBrowser.bundle/save_icon_highlighted@2x.png ... 
2018-09-15 14:06:30 +0000  2262 bytes for ./MJPhotoBrowser.bundle/save_icon_highlighted@2x.png
2018-09-15 14:06:30 +0000  copying file ./MJRefresh.bundle/arrow@2x.png ... 
2018-09-15 14:06:30 +0000  1033 bytes for ./MJRefresh.bundle/arrow@2x.png
2018-09-15 14:06:30 +0000  copying file ./MJRefresh.bundle/en.lproj/Localizable.strings ... 
2018-09-15 14:06:30 +0000  691 bytes for ./MJRefresh.bundle/en.lproj/Localizable.strings
2018-09-15 14:06:30 +0000  copying file ./MJRefresh.bundle/zh-Hans.lproj/Localizable.strings ... 
1194 bytes for ./MJRefresh.bundle/zh-Hans.lproj/Localizable.strings
2018-09-15 14:06:30 +0000  copying file ./MJRefresh.bundle/zh-Hant.lproj/Localizable.strings ... 
2018-09-15 14:06:30 +0000  773 bytes for ./MJRefresh.bundle/zh-Hant.lproj/Localizable.strings
copying file ./morebutton@2x.png ... 
1525 bytes for ./morebutton@2x.png
copying file ./mychatBg@2x.png ... 
1122 bytes for ./mychatBg@2x.png
copying file ./otherChatBg@2x.png ... 
1366 bytes for ./otherChatBg@2x.png
copying file ./paizhao@2x.png ... 
9195 bytes for ./paizhao@2x.png
copying file ./photo_24@2x.png ... 
1640 bytes for ./photo_24@2x.png
copying file ./photo_24@3x.png ... 
2330 bytes for ./photo_24@3x.png
copying file ./PkgInfo ... 
8 bytes for ./PkgInfo
copying file ./point_41@2x.png ... 
967 bytes for ./point_41@2x.png
copying file ./point_41@3x.png ... 
1524 bytes for ./point_41@3x.png
copying file ./receiveFail@2x.png ... 
4286 bytes for ./receiveFail@2x.png
copying file ./receiveFail@3x.png ... 
5912 bytes for ./receiveFail@3x.png
copying file ./ReceiverVoiceNodePlaying000@2x.png ... 
2749 bytes for ./ReceiverVoiceNodePlaying000@2x.png
copying file ./ReceiverVoiceNodePlaying001@2x.png ... 
1090 bytes for ./ReceiverVoiceNodePlaying001@2x.png
copying file ./ReceiverVoiceNodePlaying002@2x.png ... 
1120 bytes for ./ReceiverVoiceNodePlaying002@2x.png
copying file ./ReceiverVoiceNodePlaying003@2x.png ... 
1124 bytes for ./ReceiverVoiceNodePlaying003@2x.png
copying file ./ReceiverVoiceNodePlaying@2x.png ... 
1124 bytes for ./ReceiverVoiceNodePlaying@2x.png
copying file ./RecordCancel@2x.png ... 
2650 bytes for ./RecordCancel@2x.png
copying file ./RecordingBkg@2x.png ... 
5343 bytes for ./RecordingBkg@2x.png
copying file ./RecordingBkg@3x.png ... 
5845 bytes for ./RecordingBkg@3x.png
copying file ./RecordingSignal000@2x.png ... 
184 bytes for ./RecordingSignal000@2x.png
copying file ./RecordingSignal001@2x.png ... 
410 bytes for ./RecordingSignal001@2x.png
copying file ./RecordingSignal002@2x.png ... 
460 bytes for ./RecordingSignal002@2x.png
copying file ./RecordingSignal003@2x.png ... 
466 bytes for ./RecordingSignal003@2x.png
copying file ./RecordingSignal004@2x.png ... 
510 bytes for ./RecordingSignal004@2x.png
copying file ./RecordingSignal005@2x.png ... 
734 bytes for ./RecordingSignal005@2x.png
copying file ./RecordingSignal006@2x.png ... 
751 bytes for ./RecordingSignal006@2x.png
copying file ./RecordingSignal007@2x.png ... 
768 bytes for ./RecordingSignal007@2x.png
copying file ./RecordingSignal008@2x.png ... 
779 bytes for ./RecordingSignal008@2x.png
copying file ./saoyisao@2x.png ... 
225 bytes for ./saoyisao@2x.png
copying file ./search_47@2x.png ... 
1062 bytes for ./search_47@2x.png
copying file ./search_47@3x.png ... 
1585 bytes for ./search_47@3x.png
copying file ./select@2x.png ... 
2003 bytes for ./select@2x.png
copying file ./select@3x.png ... 
3255 bytes for ./select@3x.png
copying file ./SenderVoiceNodePlaying000@2x.png ... 
2749 bytes for ./SenderVoiceNodePlaying000@2x.png
copying file ./SenderVoiceNodePlaying001@2x.png ... 
1031 bytes for ./SenderVoiceNodePlaying001@2x.png
copying file ./SenderVoiceNodePlaying002@2x.png ... 
1086 bytes for ./SenderVoiceNodePlaying002@2x.png
copying file ./SenderVoiceNodePlaying003@2x.png ... 
1102 bytes for ./SenderVoiceNodePlaying003@2x.png
copying file ./SenderVoiceNodePlaying@2x.png ... 
1102 bytes for ./SenderVoiceNodePlaying@2x.png
2018-09-15 14:06:30 +0000  copying file ./sendmusic.mp3 ... 
250775 bytes for ./sendmusic.mp3
copying file ./setting_55@2x.png ... 
3496 bytes for ./setting_55@2x.png
copying file ./setting_55@3x.png ... 
4396 bytes for ./setting_55@3x.png
copying file ./shezhi@2x.png ... 
1831 bytes for ./shezhi@2x.png
copying file ./talking_icon_c_@2x.png ... 
3735 bytes for ./talking_icon_c_@2x.png
copying file ./talking_icon_c_@3x.png ... 
1633 bytes for ./talking_icon_c_@3x.png
copying file ./talking_icon_group@2x.png ... 
5911 bytes for ./talking_icon_group@2x.png
copying file ./talking_icon_group@3x.png ... 
4719 bytes for ./talking_icon_group@3x.png
copying file ./ThumbImageCollectionViewCell.nib ... 
3231 bytes for ./ThumbImageCollectionViewCell.nib
copying file ./UMSocialSDKPromptResources.bundle/en.lproj/UMSocialPromptLocalizable.strings ... 
8304 bytes for ./UMSocialSDKPromptResources.bundle/en.lproj/UMSocialPromptLocalizable.strings
copying file ./UMSocialSDKPromptResources.bundle/zh-Hans.lproj/UMSocialPromptLocalizable.strings ... 
8304 bytes for ./UMSocialSDKPromptResources.bundle/zh-Hans.lproj/UMSocialPromptLocalizable.strings
copying file ./UMSocialSDKResources.bundle/Buttons/UMS_add_friend_off@2x.png ... 
134 bytes for ./UMSocialSDKResources.bundle/Buttons/UMS_add_friend_off@2x.png
copying file ./UMSocialSDKResources.bundle/Buttons/UMS_delete_image_button_normal@2x.png ... 
891 bytes for ./UMSocialSDKResources.bundle/Buttons/UMS_delete_image_button_normal@2x.png
copying file ./UMSocialSDKResources.bundle/Buttons/UMS_nav_button_close@2x.png ... 
500 bytes for ./UMSocialSDKResources.bundle/Buttons/UMS_nav_button_close@2x.png
copying file ./UMSocialSDKResources.bundle/Buttons/UMS_nav_button_send@2x.png ... 
1624 bytes for ./UMSocialSDKResources.bundle/Buttons/UMS_nav_button_send@2x.png
copying file ./UMSocialSDKResources.bundle/Buttons/UMS_url_image@2x.png ... 
1562 bytes for ./UMSocialSDKResources.bundle/Buttons/UMS_url_image@2x.png
copying file ./UMSocialSDKResources.bundle/Buttons/UMS_url_music@2x.png ... 
1771 bytes for ./UMSocialSDKResources.bundle/Buttons/UMS_url_music@2x.png
copying file ./UMSocialSDKResources.bundle/Buttons/UMS_url_video@2x.png ... 
2062 bytes for ./UMSocialSDKResources.bundle/Buttons/UMS_url_video@2x.png
copying file ./UMSocialSDKResources.bundle/en.lproj/UMSocialLocalizable.strings ... 
6503 bytes for ./UMSocialSDKResources.bundle/en.lproj/UMSocialLocalizable.strings
copying file ./UMSocialSDKResources.bundle/UMSocialPlatformTheme/default/umsocial_alipay.png ... 
1370 bytes for ./UMSocialSDKResources.bundle/UMSocialPlatformTheme/default/umsocial_alipay.png
copying file ./UMSocialSDKResources.bundle/UMSocialPlatformTheme/default/umsocial_default.png ... 
4203 bytes for ./UMSocialSDKResources.bundle/UMSocialPlatformTheme/default/umsocial_default.png
copying file ./UMSocialSDKResources.bundle/UMSocialPlatformTheme/default/umsocial_dingding.png ... 
1390 bytes for ./UMSocialSDKResources.bundle/UMSocialPlatformTheme/default/umsocial_dingding.png
copying file ./UMSocialSDKResources.bundle/UMSocialPlatformTheme/default/umsocial_douban.png ... 
813 bytes for ./UMSocialSDKResources.bundle/UMSocialPlatformTheme/default/umsocial_douban.png
copying file ./UMSocialSDKResources.bundle/UMSocialPlatformTheme/default/umsocial_dropbox.png ... 
1692 bytes for ./UMSocialSDKResources.bundle/UMSocialPlatformTheme/default/umsocial_dropbox.png
copying file ./UMSocialSDKResources.bundle/UMSocialPlatformTheme/default/umsocial_email.png ... 
1211 bytes for ./UMSocialSDKResources.bundle/UMSocialPlatformTheme/default/umsocial_email.png
copying file ./UMSocialSDKResources.bundle/UMSocialPlatformTheme/default/umsocial_evernote.png ... 
1267 bytes for ./UMSocialSDKResources.bundle/UMSocialPlatformTheme/default/umsocial_evernote.png
copying file ./UMSocialSDKResources.bundle/UMSocialPlatformTheme/default/umsocial_facebook.png ... 
1468 bytes for ./UMSocialSDKResources.bundle/UMSocialPlatformTheme/default/umsocial_facebook.png
copying file ./UMSocialSDKResources.bundle/UMSocialPlatformTheme/default/umsocial_facebookmessenger.png ... 
1749 bytes for ./UMSoc
2018-09-15 14:06:30 +0000  2018-09-15 14:06:30 +0000  /usr/bin/ditto exited with 0

2018-09-15 14:06:31 +0000  ialSDKResources.bundle/UMSocialPlatformTheme/default/umsocial_facebookmessenger.png
copying file ./UMSocialSDKResources.bundle/UMSocialPlatformTheme/default/umsocial_flickr.png ... 
979 bytes for ./UMSocialSDKResources.bundle/UMSocialPlatformTheme/default/umsocial_flickr.png
copying file ./UMSocialSDKResources.bundle/UMSocialPlatformTheme/default/umsocial_googleplus.png ... 
2320 bytes for ./UMSocialSDKResources.bundle/UMSocialPlatformTheme/default/umsocial_googleplus.png
copying file ./UMSocialSDKResources.bundle/UMSocialPlatformTheme/default/umsocial_instagram.png ... 
1952 bytes for ./UMSocialSDKResources.bundle/UMSocialPlatformTheme/default/umsocial_instagram.png
copying file ./UMSocialSDKResources.bundle/UMSocialPlatformTheme/default/umsocial_kakaoTalk.png ... 
1893 bytes for ./UMSocialSDKResources.bundle/UMSocialPlatformTheme/default/umsocial_kakaoTalk.png
copying file ./UMSocialSDKResources.bundle/UMSocialPlatformTheme/default/umsocial_line.png ... 
1720 bytes for ./UMSocialSDKResources.bundle/UMSocialPlatformTheme/default/umsocial_line.png
copying file ./UMSocialSDKResources.bundle/UMSocialPlatformTheme/default/umsocial_linkedin.png ... 
1637 bytes for ./UMSocialSDKResources.bundle/UMSocialPlatformTheme/default/umsocial_linkedin.png
copying file ./UMSocialSDKResources.bundle/UMSocialPlatformTheme/default/umsocial_lw_session.png ... 
2391 bytes for ./UMSocialSDKResources.bundle/UMSocialPlatformTheme/default/umsocial_lw_session.png
copying file ./UMSocialSDKResources.bundle/UMSocialPlatformTheme/default/umsocial_lw_timeline.png ... 
1139 bytes for ./UMSocialSDKResources.bundle/UMSocialPlatformTheme/default/umsocial_lw_timeline.png
copying file ./UMSocialSDKResources.bundle/UMSocialPlatformTheme/default/umsocial_pinterest.png ... 
1987 bytes for ./UMSocialSDKResources.bundle/UMSocialPlatformTheme/default/umsocial_pinterest.png
copying file ./UMSocialSDKResources.bundle/UMSocialPlatformTheme/default/umsocial_pocket.png ... 
1405 bytes for ./UMSocialSDKResources.bundle/UMSocialPlatformTheme/default/umsocial_pocket.png
copying file ./UMSocialSDKResources.bundle/UMSocialPlatformTheme/default/umsocial_qq.png ... 
3505 bytes for ./UMSocialSDKResources.bundle/UMSocialPlatformTheme/default/umsocial_qq.png
copying file ./UMSocialSDKResources.bundle/UMSocialPlatformTheme/default/umsocial_qzone.png ... 
2083 bytes for ./UMSocialSDKResources.bundle/UMSocialPlatformTheme/default/umsocial_qzone.png
copying file ./UMSocialSDKResources.bundle/UMSocialPlatformTheme/default/umsocial_renren.png ... 
1529 bytes for ./UMSocialSDKResources.bundle/UMSocialPlatformTheme/default/umsocial_renren.png
copying file ./UMSocialSDKResources.bundle/UMSocialPlatformTheme/default/umsocial_sina.png ... 
2581 bytes for ./UMSocialSDKResources.bundle/UMSocialPlatformTheme/default/umsocial_sina.png
copying file ./UMSocialSDKResources.bundle/UMSocialPlatformTheme/default/umsocial_sms.png ... 
1127 bytes for ./UMSocialSDKResources.bundle/UMSocialPlatformTheme/default/umsocial_sms.png
copying file ./UMSocialSDKResources.bundle/UMSocialPlatformTheme/default/umsocial_tencentWB.png ... 
1943 bytes for ./UMSocialSDKResources.bundle/UMSocialPlatformTheme/default/umsocial_tencentWB.png
copying file ./UMSocialSDKResources.bundle/UMSocialPlatformTheme/default/umsocial_tim.png ... 
2597 bytes for ./UMSocialSDKResources.bundle/UMSocialPlatformTheme/default/umsocial_tim.png
copying file ./UMSocialSDKResources.bundle/UMSocialPlatformTheme/default/umsocial_tumblr.png ... 
1564 bytes for ./UMSocialSDKResources.bundle/UMSocialPlatformTheme/default/umsocial_tumblr.png
copying file ./UMSocialSDKResources.bundle/UMSocialPlatformTheme/default/umsocial_twitter.png ... 
1442 bytes for ./UMSocialSDKResources.bundle/UMSocialPlatformTheme/default/umsocial_twitter.png
copying file ./UMSocialSDKResources.bundle/UMSocialPlatformTheme/default/umsocial_vkontakte.png ... 
1867 bytes for ./UMSocialSDKResources.bundle/UMSocialPlatformTheme/default/umsocial_vkontakte.png
copying file ./UMSocialSDKResources.bundle/UMSocialPlatformTheme/default/umsocial_wechat.png ... 
1628 bytes for ./UMSoci2018-09-15 14:06:31 +0000  Processing step: IDEDistributionEmbedProfileStep

2018-09-15 14:06:31 +0000  Processing step: IDEDistributionAppThinningPlistStep
2018-09-15 14:06:31 +0000  Skipping step: IDEDistributionAppThinningPlistStep because it said so
2018-09-15 14:06:31 +0000  Processing step: IDEDistributionCompileBitcodeStep
2018-09-15 14:06:31 +0000  Skipping step: IDEDistributionCompileBitcodeStep because it said so
2018-09-15 14:06:31 +0000  Processing step: IDEDistributionCodeSlimmingStep
2018-09-15 14:06:31 +0000  Processing step: IDEDistributionCopyBCSymbolMapsStep
2018-09-15 14:06:31 +0000  Skipping step: IDEDistributionCopyBCSymbolMapsStep because it said so
2018-09-15 14:06:31 +0000  Processing step: IDEDistributionSymbolsStep
2018-09-15 14:06:31 +0000  Skipping step: IDEDistributionSymbolsStep because it said so
2018-09-15 14:06:31 +0000  Processing step: IDEDistributionAppThinningStep
2018-09-15 14:06:31 +0000  Skipping step: IDEDistributionAppThinningStep because it said so
2018-09-15 14:06:31 +0000  Processing step: IDEDistributionODRStep
2018-09-15 14:06:31 +0000  Processing step: IDEDistributionStripXattrsStep
2018-09-15 14:06:31 +0000  Running /usr/bin/xattr '-crs' '/var/folders/29/d23_xfj93db2dkmshszsd_3c0000gn/T/XcodeDistPipeline.aWd/Root/Payload/Core.app'
2018-09-15 14:06:32 +0000  
2018-09-15 14:06:32 +0000  
2018-09-15 14:06:32 +0000  2018-09-15 14:06:32 +0000  /usr/bin/xattr exited with 0

2018-09-15 14:06:32 +0000  2018-09-15 14:06:32 +0000  Processing step: IDEDistributionCodesignStep

2018-09-15 14:06:32 +0000  Entitlements for <IDEDistributionItem: 0x7fd659333d80 'com.xiaojin.enterprise' '<DVTFilePath:0x7fd654dc49c0:'/Users/hgh/Library/Developer/Xcode/Archives/2018-09-15/Core 2018-9-15 22.04.xcarchive/Products/Applications/Core.app'>'>: {
    "application-identifier" = "3LT4R62MQU.com.xiaojin.enterprise";
    "com.apple.developer.team-identifier" = 3LT4R62MQU;
    "get-task-allow" = 0;
    "keychain-access-groups" =     (
        "3LT4R62MQU.com.xiaojin.enterprise"
    );
}
2018-09-15 14:06:32 +0000  Writing entitlements for <IDEDistributionItem: 0x7fd659333d80 'com.xiaojin.enterprise' '<DVTFilePath:0x7fd654dc49c0:'/Users/hgh/Library/Developer/Xcode/Archives/2018-09-15/Core 2018-9-15 22.04.xcarchive/Products/Applications/Core.app'>'> to: /var/folders/29/d23_xfj93db2dkmshszsd_3c0000gn/T/XcodeDistPipeline.aWd/entitlementsfrWtxg
2018-09-15 14:06:32 +0000  Running /usr/bin/codesign '-vvv' '--force' '--sign' '070CB17D58A3D46E02F986428BF7BAA753CFDBC9' '--preserve-metadata=identifier,flags' '--entitlements' '/var/folders/29/d23_xfj93db2dkmshszsd_3c0000gn/T/XcodeDistPipeline.aWd/entitlementsfrWtxg' '/var/folders/29/d23_xfj93db2dkmshszsd_3c0000gn/T/XcodeDistPipeline.aWd/Root/Payload/Core.app'
2018-09-15 14:06:32 +0000  /var/folders/29/d23_xfj93db2dkmshszsd_3c0000gn/T/XcodeDistPipeline.aWd/Root/Payload/Core.app: replacing existing signature
2018-09-15 14:06:40 +0000  /var/folders/29/d23_xfj93db2dkmshszsd_3c0000gn/T/XcodeDistPipeline.aWd/Root/Payload/Core.app: signed app bundle with Mach-O thin (arm64) [com.xiaojin.enterprise]
2018-09-15 14:06:40 +0000  2018-09-15 14:06:40 +0000  /usr/bin/codesign exited with 0

2018-09-15 14:06:40 +0000  
2018-09-15 14:06:40 +0000  Processing step: IDEDistributionStreamingZipItemStep
2018-09-15 14:06:40 +0000  Skipping step: IDEDistributionStreamingZipItemStep because it said so
2018-09-15 14:06:40 +0000  Processing step: IDEDistributionCreateIPAStep
2018-09-15 14:06:40 +0000  Running /usr/bin/ditto '-V' '-c' '-k' '--norsrc' '/var/folders/29/d23_xfj93db2dkmshszsd_3c0000gn/T/XcodeDistPipeline.aWd/Root' '/var/folders/29/d23_xfj93db2dkmshszsd_3c0000gn/T/XcodeDistPipeline.aWd/Packages/Core.ipa'
2018-09-15 14:06:40 +0000  >>> Copying /var/folders/29/d23_xfj93db2dkmshszsd_3c0000gn/T/XcodeDistPipeline.aWd/Root 
2018-09-15 14:06:40 +0000  copying file ./Payload/Core.app/_CodeSignature/CodeResources ... 
2018-09-15 14:06:40 +0000  86692 bytes for ./Payload/Core.app/_CodeSignature/CodeResources
copying file ./Payload/Core.app/add01@2x.png ... 
2374 bytes for ./Payload/Core.app/add01@2x.png
copying file ./Payload/Core.app/add01@3x.png ... 
3252 bytes for ./Payload/Core.app/add01@3x.png
copying file ./Payload/Core.app/add01_pre@2x.png ... 
2186 bytes for ./Payload/Core.app/add01_pre@2x.png
copying file ./Payload/Core.app/add01_pre@3x.png ... 
3235 bytes for ./Payload/Core.app/add01_pre@3x.png
2018-09-15 14:06:40 +0000  copying file ./Payload/Core.app/addMan@2x.png ... 
2363 bytes for ./Payload/Core.app/addMan@2x.png
copying file ./Payload/Core.app/addMan@3x.png ... 
3631 bytes for ./Payload/Core.app/addMan@3x.png
copying file ./Payload/Core.app/addMan_pre@2x.png ... 
2353 bytes for ./Payload/Core.app/addMan_pre@2x.png
copying file ./Payload/Core.app/addMan_pre@3x.png ... 
2483 bytes for ./Payload/Core.app/addMan_pre@3x.png
copying file ./Payload/Core.app/AlertViewtextFieldBackgroupImage@2x.png ... 
4407 bytes for ./Payload/Core.app/AlertViewtextFieldBackgroupImage@2x.png
copying file ./Payload/Core.app/AppIcon20x20@2x.png ... 
5653 bytes for ./Payload/Core.app/AppIcon20x20@2x.png
copying file ./Payload/Core.app/AppIcon20x20@3x.png ... 
11521 bytes for ./Payload/Core.app/AppIcon20x20@3x.png
copying file ./Payload/Core.app/AppIcon29x29@2x.png ... 
10874 bytes for ./Payload/Core.app/AppIcon29x29@2x.png
copying file ./Payload/Core.app/AppIcon29x29@3x.png ... 
22328 bytes for ./Payload/Core.app/AppIcon29x29@3x.png
copying file ./Payload/Core.app/AppIcon40x40@2x.png ... 
19178 bytes for ./Payload/Core.app/AppIcon40x40@2x.png
copying file ./Payload/Core.app/AppIcon40x40@3x.png ... 
2018-09-15 14:06:40 +0000  40149 bytes for ./Payload/Core.app/AppIcon40x40@3x.png
copying file ./Payload/Core.app/AppIcon60x60@2x.png ... 
40149 bytes for ./Payload/Core.app/AppIcon60x60@2x.png
copying file ./Payload/Core.app/AppIcon60x60@3x.png ... 
80049 bytes for ./Payload/Core.app/AppIcon60x60@3x.png
copying file ./Payload/Core.app/arrows_43@2x.png ... 
427 bytes for ./Payload/Core.app/arrows_43@2x.png
copying file ./Payload/Core.app/arrows_43@3x.png ... 
618 bytes for ./Payload/Core.app/arrows_43@3x.png
copying file ./Payload/Core.app/Assets.car ... 
2018-09-15 14:06:41 +0000  15486520 bytes for ./Payload/Core.app/Assets.car
copying file ./Payload/Core.app/bar_anxia@2x.png ... 
2018-09-15 14:06:41 +0000  1566 bytes for ./Payload/Core.app/bar_anxia@2x.png
copying file ./Payload/Core.app/bar_nor@2x.png ... 
1465 bytes for ./Payload/Core.app/bar_nor@2x.png
copying file ./Payload/Core.app/camera_35@2x.png ... 
1983 bytes for ./Payload/Core.app/camera_35@2x.png
copying file ./Payload/Core.app/camera_35@3x.png ... 
2883 bytes for ./Payload/Core.app/camera_35@3x.png
copying file ./Payload/Core.app/card_39@2x.png ... 
2643 bytes for ./Payload/Core.app/card_39@2x.png
copying file ./Payload/Core.app/card_39@3x.png ... 
3850 bytes for ./Payload/Core.app/card_39@3x.png
copying file ./Payload/Core.app/chat_menu_bar@2x.png ... 
550 bytes for ./Payload/Core.app/chat_menu_bar@2x.png
copying file ./Payload/Core.app/chat_voice@2x.png ... 
1171 bytes for ./Payload/Core.app/chat_voice@2x.png
copying file ./Payload/Core.app/Core ... 
2018-09-15 14:06:42 +0000  13531792 bytes for ./Payload/Core.app/Core
copying file ./Payload/Core.app/createConversation@2x.png ... 
2018-09-15 14:06:42 +0000  3218 bytes for ./Payload/Core.app/createConversation@2x.png
copying file ./Payload/Core.app/delete_49@2x.png ... 
843 bytes for ./Payload/Core.app/delete_49@2x.png
copying file ./Payload/Core.app/delete_49@3x.png ... 
2018-09-15 14:06:42 +0000  713 bytes for ./Payload/Core.app/delete_49@3x.png
copying file ./Payload/Core.app/deleteMan@2x.png ... 
2007 bytes for ./Payload/Core.app/deleteMan@2x.png
copying file ./Payload/Core.app/deleteMan@3x.png ... 
3005 bytes for ./Payload/Core.app/deleteMan@3x.png
copying file ./Payload/Core.app/deleteMan_pre@2x.png ... 
1995 bytes for ./Payload/Core.app/deleteMan_pre@2x.png
copying file ./Payload/Core.app/embedded.mobileprovision ... 
7470 bytes for ./Payload/Core.app/embedded.mobileprovision
copying file ./Payload/Core.app/face@2x.png ... 
2018-09-15 14:06:42 +0000  2043 bytes for ./Payload/Core.app/face@2x.png
copying file ./Payload/Core.app/face_16@2x.png ... 
2893 bytes for ./Payload/Core.app/face_16@2x.png
copying file ./Payload/Core.app/face_16@3x.png ... 
2018-09-15 14:06:42 +0000  3935 bytes for ./Payload/Core.app/face_16@3x.png
copying file ./Payload/Core.app/face_16_pre@2x.png ... 
2608 bytes for ./Payload/Core.app/face_16_pre@2x.png
copying file ./Payload/Core.app/face_16_pre@3x.png ... 
2018-09-15 14:06:42 +0000  3914 bytes for ./Payload/Core.app/face_16_pre@3x.png
copying file ./Payload/Core.app/fail05@2x.png ... 
2018-09-15 14:06:42 +0000  975 bytes for ./Payload/Core.app/fail05@2x.png
copying file ./Payload/Core.app/fail05@3x.png ... 
1925 bytes for ./Payload/Core.app/fail05@3x.png
copying file ./Payload/Core.app/file_message_bg.png ... 
2018-09-15 14:06:42 +0000  4466 bytes for ./Payload/Core.app/file_message_bg.png
copying file ./Payload/Core.app/frame@2x.png ... 
2018-09-15 14:06:42 +0000  6841 bytes for ./Payload/Core.app/frame@2x.png
copying file ./Payload/Core.app/group_33@2x.png ... 
3621 bytes for ./Payload/Core.app/group_33@2x.png
copying file ./Payload/Core.app/group_33@3x.png ... 
2018-09-15 14:06:42 +0000  7165 bytes for ./Payload/Core.app/group_33@3x.png
copying file ./Payload/Core.app/groupDetail@2x.png ... 
2018-09-15 14:06:42 +0000  3873 bytes for ./Payload/Core.app/groupDetail@2x.png
copying file ./Payload/Core.app/groupDetail@3x.png ... 
1890 bytes for ./Payload/Core.app/groupDetail@3x.png
copying file ./Payload/Core.app/headDefalt@2x.png ... 
2018-09-15 14:06:42 +0000  5551 bytes for ./Payload/Core.app/headDefalt@2x.png
copying file ./Payload/Core.app/headDefalt@3x.png ... 
2018-09-15 14:06:42 +0000  6123 bytes for ./Payload/Core.app/headDefalt@3x.png
copying file ./Payload/Core.app/image_no_picked.png ... 
770 bytes for ./Payload/Core.app/image_no_picked.png
copying file ./Payload/Core.app/image_no_picked@2x.png ... 
2018-09-15 14:06:42 +0000  1648 bytes for ./Payload/Core.app/image_no_picked@2x.png
copying file ./Payload/Core.app/image_no_picked@3x.png ... 
2949 bytes for ./Payload/Core.app/image_no_picked@3x.png
copying file ./Payload/Core.app/image_picked.png ... 
2018-09-15 14:06:42 +0000  594 bytes for ./Payload/Core.app/image_picked.png
copying file ./Payload/Core.app/image_picked@2x.png ... 
1186 bytes for ./Payload/Core.app/image_picked@2x.png
copying file ./Payload/Core.app/image_picked@3x.png ... 
2018-09-15 14:06:42 +0000  2081 bytes for ./Payload/Core.app/image_picked@3x.png
copying file ./Payload/Core.app/Info.plist ... 
2018-09-15 14:06:42 +0000  2776 bytes for ./Payload/Core.app/Info.plist
copying file ./Payload/Core.app/IQKeyboardManager.bundle/IQButtonBarArrowDown@2x.png ... 
1764 bytes for ./Payload/Core.app/IQKeyboardManager.bundle/IQButtonBarArrowDown@2x.png
2018-09-15 14:06:42 +0000  copying file ./Payload/Core.app/IQKeyboardManager.bundle/IQButtonBarArrowDown@3x.png ... 
2177 bytes for ./Payload/Core.app/IQKeyboardManager.bundle/IQButtonBarArrowDown@3x.png
copying file ./Payload/Core.app/IQKeyboardManager.bundle/IQButtonBarArrowLeft@2x.png ... 
2018-09-15 14:06:42 +0000  1793 bytes for ./Payload/Core.app/IQKeyboardManager.bundle/IQButtonBarArrowLeft@2x.png
copying file ./Payload/Core.app/IQKeyboardManager.bundle/IQButtonBarArrowLeft@3x.png ... 
1815 bytes for ./Payload/Core.app/IQKeyboardManager.bundle/IQButtonBarArrowLeft@3x.png
copying file ./Payload/Core.app/IQKeyboardManager.bundle/IQButtonBarArrowRight@2x.png ... 
1786 bytes for ./Payload/Core.app/IQKeyboardManager.bundle/IQButtonBarArrowRight@2x.png
2018-09-15 14:06:42 +0000  copying file ./Payload/Core.app/IQKeyboardManager.bundle/IQButtonBarArrowRight@3x.png ... 
1844 bytes for ./Payload/Core.app/IQKeyboardManager.bundle/IQButtonBarArrowRight@3x.png
copying file ./Payload/Core.app/IQKeyboardManager.bundle/IQButtonBarArrowUp@2x.png ... 
1769 bytes for ./Payload/Core.app/IQKeyboardManager.bundle/IQButtonBarArrowUp@2x.png
copying file ./Payload/Core.app/IQKeyboardManager.bundle/IQButtonBarArrowUp@3x.png ... 
2018-09-15 14:06:42 +0000  2164 bytes for ./Payload/Core.app/IQKeyboardManager.bundle/IQButtonBarArrowUp@3x.png
copying file ./Payload/Core.app/JCHATAboutViewController.nib ... 
2018-09-15 14:06:42 +0000  8189 bytes for ./Payload/Core.app/JCHATAboutViewController.nib
copying file ./Payload/Core.app/JCHATAddViewController.nib ... 
2018-09-15 14:06:42 +0000  974 bytes for ./Payload/Core.app/JCHATAddViewController.nib
copying file ./Payload/Core.app/JCHATAlbumTableViewCell.nib ... 
2018-09-15 14:06:42 +0000  4012 bytes for ./Payload/Core.app/JCHATAlbumTableViewCell.nib
copying file ./Payload/Core.app/JCHATAlbumViewController.nib ... 
2001 bytes for ./Payload/Core.app/JCHATAlbumViewController.nib
copying file ./Payload/Core.app/JCHATAlreadyLoginViewController.nib ... 
2018-09-15 14:06:42 +0000  7777 bytes for ./Payload/Core.app/JCHATAlreadyLoginViewController.nib
copying file ./Payload/Core.app/JCHATChangeNameViewController.nib ... 
2018-09-15 14:06:42 +0000  6532 bytes for ./Payload/Core.app/JCHATChangeNameViewController.nib
copying file ./Payload/Core.app/JCHATContactsViewController.nib ... 
2018-09-15 14:06:42 +0000  3192 bytes for ./Payload/Core.app/JCHATContactsViewController.nib
copying file ./Payload/Core.app/JCHATConversationListCell.nib ... 
2018-09-15 14:06:42 +0000  7573 bytes for ./Payload/Core.app/JCHATConversationListCell.nib
copying file ./Payload/Core.app/JCHATConversationListViewController.nib ... 
2018-09-15 14:06:42 +0000  4677 bytes for ./Payload/Core.app/JCHATConversationListViewController.nib
copying file ./Payload/Core.app/JCHATConversationViewController.nib ... 
2018-09-15 14:06:42 +0000  3085 bytes for ./Payload/Core.app/JCHATConversationViewController.nib
copying file ./Payload/Core.app/JCHATDebugViewController.nib ... 
2018-09-15 14:06:42 +0000  6063 bytes for ./Payload/Core.app/JCHATDebugViewController.nib
copying file ./Payload/Core.app/JCHATDetailsInfoViewController.nib ... 
2018-09-15 14:06:42 +0000  2006 bytes for ./Payload/Core.app/JCHATDetailsInfoViewController.nib
copying file ./Payload/Core.app/JCHATDetailTableViewCell.nib ... 
2018-09-15 14:06:42 +0000  2948 bytes for ./Payload/Core.app/JCHATDetailTableViewCell.nib
2018-09-15 14:06:42 +0000  copying file ./Payload/Core.app/JCHATFootTableCollectionReusableView.nib ... 
2018-09-15 14:06:42 +0000  2093 bytes for ./Payload/Core.app/JCHATFootTableCollectionReusableView.nib
copying file ./Payload/Core.app/JCHATFootTableViewCell.nib ... 
2018-09-15 14:06:42 +0000  4639 bytes for ./Payload/Core.app/JCHATFootTableViewCell.nib
copying file ./Payload/Core.app/JCHATFrIendDetailMessgeCell.nib ... 
2018-09-15 14:06:42 +0000  3032 bytes for ./Payload/Core.app/JCHATFrIendDetailMessgeCell.nib
copying file ./Payload/Core.app/JCHATFriendDetailViewController.nib ... 
2018-09-15 14:06:42 +0000  2006 bytes for ./Payload/Core.app/JCHATFriendDetailViewController.nib
copying file ./Payload/Core.app/JCHATGroupDetailFooterReusableView.nib ... 
2018-09-15 14:06:42 +0000  5900 bytes for ./Payload/Core.app/JCHATGroupDetailFooterReusableView.nib
copying file ./Payload/Core.app/JCHATGroupDetailViewController.nib ... 
2018-09-15 14:06:42 +0000  1974 bytes for ./Payload/Core.app/JCHATGroupDetailViewController.nib
copying file ./Payload/Core.app/JCHATGroupMemberCollectionViewCell.nib ... 
2018-09-15 14:06:42 +0000  5063 bytes for ./Payload/Core.app/JCHATGroupMemberCollectionViewCell.nib
copying file ./Payload/Core.app/JCHATGroupPersonView.nib ... 
2018-09-15 14:06:42 +0000  3957 bytes for ./Payload/Core.app/JCHATGroupPersonView.nib
copying file ./Payload/Core.app/JCHATGroupSettingCell.nib ... 
2018-09-15 14:06:42 +0000  5071 bytes for ./Payload/Core.app/JCHATGroupSettingCell.nib
copying file ./Payload/Core.app/JCHATLoginViewController.nib ... 
2018-09-15 14:06:42 +0000  7746 bytes for ./Payload/Core.app/JCHATLoginViewController.nib
copying file ./Payload/Core.app/JCHATMoreView.nib ... 
2018-09-15 14:06:42 +0000  2911 bytes for ./Payload/Core.app/JCHATMoreView.nib
copying file ./Payload/Core.app/JCHATMsgAlertSoundTableViewCell.nib ... 
2018-09-15 14:06:42 +0000  3326 bytes for ./Payload/Core.app/JCHATMsgAlertSoundTableViewCell.nib
copying file ./Payload/Core.app/JCHATMsgAlertStateTableViewCell.nib ... 
3558 bytes for ./Payload/Core.app/JCHATMsgAlertStateTableViewCell.nib
2018-09-15 14:06:42 +0000  copying file ./Payload/Core.app/JCHATPersonInfoCell.nib ... 
2018-09-15 14:06:42 +0000  5262 bytes for ./Payload/Core.app/JCHATPersonInfoCell.nib
copying file ./Payload/Core.app/JCHATPersonViewController.nib ... 
974 bytes for ./Payload/Core.app/JCHATPersonViewController.nib
copying file ./Payload/Core.app/JCHATPhotoBrowserCollectionViewCell.nib ... 
2018-09-15 14:06:42 +0000  2307 bytes for ./Payload/Core.app/JCHATPhotoBrowserCollectionViewCell.nib
copying file ./Payload/Core.app/JCHATPhotoBrowserViewController.nib ... 
2018-09-15 14:06:42 +0000  5268 bytes for ./Payload/Core.app/JCHATPhotoBrowserViewController.nib
copying file ./Payload/Core.app/JCHATPhotoPickerViewController.nib ... 
974 bytes for ./Payload/Core.app/JCHATPhotoPickerViewController.nib
copying file ./Payload/Core.app/JCHATPhotoSelectViewController.nib ... 
4586 bytes for ./Payload/Core.app/JCHATPhotoSelectViewController.nib
copying file ./Payload/Core.app/JCHATRegisterDetailViewController.nib ... 
2018-09-15 14:06:42 +0000  6209 bytes for ./Payload/Core.app/JCHATRegisterDetailViewController.nib
copying file ./Payload/Core.app/JCHATRegisterViewController.nib ... 
2018-09-15 14:06:42 +0000  6217 bytes for ./Payload/Core.app/JCHATRegisterViewController.nib
copying file ./Payload/Core.app/JCHATSelectFriendCell.nib ... 
2018-09-15 14:06:42 +0000  4986 bytes for ./Payload/Core.app/JCHATSelectFriendCell.nib
2018-09-15 14:06:42 +0000  copying file ./Payload/Core.app/JCHATSelectFriendsCtl.nib ... 
974 bytes for ./Payload/Core.app/JCHATSelectFriendsCtl.nib
copying file ./Payload/Core.app/JCHATSetDetailViewController.nib ... 
2018-09-15 14:06:42 +0000  5770 bytes for ./Payload/Core.app/JCHATSetDetailViewController.nib
copying file ./Payload/Core.app/JCHATSetDisturbTableViewCell.nib ... 
2018-09-15 14:06:42 +0000  3133 bytes for ./Payload/Core.app/JCHATSetDisturbTableViewCell.nib
copying file ./Payload/Core.app/JCHATSetting_Cell.nib ... 
2018-09-15 14:06:42 +0000  4508 bytes for ./Payload/Core.app/JCHATSetting_Cell.nib
copying file ./Payload/Core.app/JCHATSettingCell.nib ... 
2018-09-15 14:06:42 +0000  5254 bytes for ./Payload/Core.app/JCHATSettingCell.nib
copying file ./Payload/Core.app/JCHATSettingViewController.nib ... 
2018-09-15 14:06:42 +0000  974 bytes for ./Payload/Core.app/JCHATSettingViewController.nib
copying file ./Payload/Core.app/JCHATShowTimeCell.nib ... 
2018-09-15 14:06:42 +0000  2748 bytes for ./Payload/Core.app/JCHATShowTimeCell.nib
copying file ./Payload/Core.app/JCHATTabBarViewController.nib ... 
2018-09-15 14:06:42 +0000  1220 bytes for ./Payload/Core.app/JCHATTabBarViewController.nib
copying file ./Payload/Core.app/JCHATToolBar.nib ... 
2018-09-15 14:06:42 +0000  3756 bytes for ./Payload/Core.app/JCHATToolBar.nib
2018-09-15 14:06:42 +0000  copying file ./Payload/Core.app/JCHATUpdatePasswordCtl.nib ... 
2018-09-15 14:06:42 +0000  7059 bytes for ./Payload/Core.app/JCHATUpdatePasswordCtl.nib
copying file ./Payload/Core.app/JCHATUserInfoViewController.nib ... 
2018-09-15 14:06:42 +0000  2007 bytes for ./Payload/Core.app/JCHATUserInfoViewController.nib
copying file ./Payload/Core.app/jianpan@2x.png ... 
2018-09-15 14:06:42 +0000  1608 bytes for ./Payload/Core.app/jianpan@2x.png
copying file ./Payload/Core.app/jiantou@2x.png ... 
2018-09-15 14:06:42 +0000  254 bytes for ./Payload/Core.app/jiantou@2x.png
copying file ./Payload/Core.app/keyboard_toolbar@2x.png ... 
2018-09-15 14:06:42 +0000  3069 bytes for ./Payload/Core.app/keyboard_toolbar@2x.png
copying file ./Payload/Core.app/keyboard_toolbar@3x.png ... 
768 bytes for ./Payload/Core.app/keyboard_toolbar@3x.png
2018-09-15 14:06:42 +0000  copying file ./Payload/Core.app/keyboard_toolbar_pre@2x.png ... 
3063 bytes for ./Payload/Core.app/keyboard_toolbar_pre@2x.png
copying file ./Payload/Core.app/keyboard_toolbar_pre@3x.png ... 
2018-09-15 14:06:42 +0000  757 bytes for ./Payload/Core.app/keyboard_toolbar_pre@3x.png
copying file ./Payload/Core.app/Launch Screen.storyboardc/01J-lp-oVM-view-Ze5-6b-2t3.nib ... 
2018-09-15 14:06:42 +0000  2389 bytes for ./Payload/Core.app/Launch Screen.storyboardc/01J-lp-oVM-view-Ze5-6b-2t3.nib
copying file ./Payload/Core.app/Launch Screen.storyboardc/Info.plist ... 
2018-09-15 14:06:42 +0000  258 bytes for ./Payload/Core.app/Launch Screen.storyboardc/Info.plist
copying file ./Payload/Core.app/Launch Screen.storyboardc/UIViewController-01J-lp-oVM.nib ... 
832 bytes for ./Payload/Core.app/Launch Screen.storyboardc/UIViewController-01J-lp-oVM.nib
2018-09-15 14:06:42 +0000  copying file ./Payload/Core.app/LBActivationListCell.nib ... 
2018-09-15 14:06:42 +0000  5094 bytes for ./Payload/Core.app/LBActivationListCell.nib
copying file ./Payload/Core.app/LBDepositViewController.nib ... 
2018-09-15 14:06:42 +0000  9455 bytes for ./Payload/Core.app/LBDepositViewController.nib
copying file ./Payload/Core.app/LBForgetPassWorldViewController.nib ... 
2018-09-15 14:06:42 +0000  4537 bytes for ./Payload/Core.app/LBForgetPassWorldViewController.nib
copying file ./Payload/Core.app/LBInvitationCodeViewController.nib ... 
2018-09-15 14:06:42 +0000  4983 bytes for ./Payload/Core.app/LBInvitationCodeViewController.nib
copying file ./Payload/Core.app/LBLoginViewController.nib ... 
2018-09-15 14:06:42 +0000  6718 bytes for ./Payload/Core.app/LBLoginViewController.nib
copying file ./Payload/Core.app/LBRechargerViewController.nib ... 
2018-09-15 14:06:42 +0000  5980 bytes for ./Payload/Core.app/LBRechargerViewController.nib
copying file ./Payload/Core.app/LBRegisterViewController.nib ... 
2018-09-15 14:06:42 +0000  6028 bytes for ./Payload/Core.app/LBRegisterViewController.nib
2018-09-15 14:06:42 +0000  copying file ./Payload/Core.app/location_31@2x.png ... 
2363 bytes for ./Payload/Core.app/location_31@2x.png
copying file ./Payload/Core.app/location_31@3x.png ... 
2018-09-15 14:06:42 +0000  3482 bytes for ./Payload/Core.app/location_31@3x.png
copying file ./Payload/Core.app/location_address.png ... 
2018-09-15 14:06:42 +0000  10258 bytes for ./Payload/Core.app/location_address.png
copying file ./Payload/Core.app/lookup.png ... 
2095 bytes for ./Payload/Core.app/lookup.png
2018-09-15 14:06:42 +0000  copying file ./Payload/Core.app/lookup_amatorka.png ... 
2018-09-15 14:06:42 +0000  36390 bytes for ./Payload/Core.app/lookup_amatorka.png
copying file ./Payload/Core.app/lookup_miss_etikate.png ... 
2018-09-15 14:06:42 +0000  202596 bytes for ./Payload/Core.app/lookup_miss_etikate.png
copying file ./Payload/Core.app/lookup_soft_elegance_1.png ... 
2018-09-15 14:06:42 +0000  129208 bytes for ./Payload/Core.app/lookup_soft_elegance_1.png
copying file ./Payload/Core.app/lookup_soft_elegance_2.png ... 
2018-09-15 14:06:42 +0000  2199 bytes for ./Payload/Core.app/lookup_soft_elegance_2.png
copying file ./Payload/Core.app/menu_bar_bg@2x.png ... 
2018-09-15 14:06:42 +0000  3255 bytes for ./Payload/Core.app/menu_bar_bg@2x.png
copying file ./Payload/Core.app/MJPhotoBrowser.bundle/save_icon.png ... 
2018-09-15 14:06:42 +0000  1727 bytes for ./Payload/Core.app/MJPhotoBrowser.bundle/save_icon.png
copying file ./Payload/Core.app/MJPhotoBrowser.bundle/save_icon@2x.png ... 
2018-09-15 14:06:42 +0000  2247 bytes for ./Payload/Core.app/MJPhotoBrowser.bundle/save_icon@2x.png
copying file ./Payload/Core.app/MJPhotoBrowser.bundle/save_icon_highlighted.png ... 
1744 bytes for ./Payload/Core.app/MJPhotoBrowser.bundle/save_icon_highlighted.png
copying file ./Payload/Core.app/MJPhotoBrowser.bundle/save_icon_highlighted@2x.png ... 
2018-09-15 14:06:42 +0000  2262 bytes for ./Payload/Core.app/MJPhotoBrowser.bundle/save_icon_highlighted@2x.png
2018-09-15 14:06:42 +0000  copying file ./Payload/Core.app/MJRefresh.bundle/arrow@2x.png ... 
1033 bytes for ./Payload/Core.app/MJRefresh.bundle/arrow@2x.png
copying file ./Payload/Core.app/MJRefresh.bundle/en.lproj/Localizable.strings ... 
2018-09-15 14:06:42 +0000  691 bytes for ./Payload/Core.app/MJRefresh.bundle/en.lproj/Localizable.strings
copying file ./Payload/Core.app/MJRefresh.bundle/zh-Hans.lproj/Localizable.strings ... 
1194 bytes for ./Payload/Core.app/MJRefresh.bundle/zh-Hans.lproj/Localizable.strings
2018-09-15 14:06:42 +0000  copying file ./Payload/Core.app/MJRefresh.bundle/zh-Hant.lproj/Localizable.strings ... 
773 bytes for ./Payload/Core.app/MJRefresh.bundle/zh-Hant.lproj/Localizable.strings
copying file ./Payload/Core.app/morebutton@2x.png ... 
1525 bytes for ./Payload/Core.app/morebutton@2x.png
copying file ./Payload/Core.app/mychatBg@2x.png ... 
2018-09-15 14:06:42 +0000  1122 bytes for ./Payload/Core.app/mychatBg@2x.png
copying file ./Payload/Core.app/otherChatBg@2x.png ... 
1366 bytes for ./Payload/Core.app/otherChatBg@2x.png
copying file ./Payload/Core.app/paizhao@2x.png ... 
9195 bytes for ./Payload/Core.app/paizhao@2x.png
copying file ./Payload/Core.app/photo_24@2x.png ... 
2018-09-15 14:06:42 +0000  1640 bytes for ./Payload/Core.app/photo_24@2x.png
copying file ./Payload/Core.app/photo_24@3x.png ... 
2330 bytes for ./Payload/Core.app/photo_24@3x.png
2018-09-15 14:06:42 +0000  copying file ./Payload/Core.app/PkgInfo ... 
8 bytes for ./Payload/Core.app/PkgInfo
copying file ./Payload/Core.app/point_41@2x.png ... 
967 bytes for ./Payload/Core.app/point_41@2x.png
copying file ./Payload/Core.app/point_41@3x.png ... 
2018-09-15 14:06:42 +0000  1524 bytes for ./Payload/Core.app/point_41@3x.png
copying file ./Payload/Core.app/receiveFail@2x.png ... 
4286 bytes for ./Payload/Core.app/receiveFail@2x.png
copying file ./Payload/Core.app/receiveFail@3x.png ... 
2018-09-15 14:06:42 +0000  5912 bytes for ./Payload/Core.app/receiveFail@3x.png
copying file ./Payload/Core.app/ReceiverVoiceNodePlaying000@2x.png ... 
2018-09-15 14:06:42 +0000  2749 bytes for ./Payload/Core.app/ReceiverVoiceNodePlaying000@2x.png
copying file ./Payload/Core.app/ReceiverVoiceNodePlaying001@2x.png ... 
1090 bytes for ./Payload/Core.app/ReceiverVoiceNodePlaying001@2x.png
copying file ./Payload/Core.app/ReceiverVoiceNodePlaying002@2x.png ... 
2018-09-15 14:06:42 +0000  1120 bytes for ./Payload/Core.app/ReceiverVoiceNodePlaying002@2x.png
copying file ./Payload/Core.app/ReceiverVoiceNodePlaying003@2x.png ... 
2018-09-15 14:06:42 +0000  1124 bytes for ./Payload/Core.app/ReceiverVoiceNodePlaying003@2x.png
copying file ./Payload/Core.app/ReceiverVoiceNodePlaying@2x.png ... 
1124 bytes for ./Payload/Core.app/ReceiverVoiceNodePlaying@2x.png
copying file ./Payload/Core.app/RecordCancel@2x.png ... 
2018-09-15 14:06:42 +0000  2650 bytes for ./Payload/Core.app/RecordCancel@2x.png
copying file ./Payload/Core.app/RecordingBkg@2x.png ... 
5343 bytes for ./Payload/Core.app/RecordingBkg@2x.png
2018-09-15 14:06:42 +0000  copying file ./Payload/Core.app/RecordingBkg@3x.png ... 
2018-09-15 14:06:42 +0000  5845 bytes for ./Payload/Core.app/RecordingBkg@3x.png
copying file ./Payload/Core.app/RecordingSignal000@2x.png ... 
184 bytes for ./Payload/Core.app/RecordingSignal000@2x.png
copying file ./Payload/Core.app/RecordingSignal001@2x.png ... 
2018-09-15 14:06:42 +0000  410 bytes for ./Payload/Core.app/RecordingSignal001@2x.png
copying file ./Payload/Core.app/RecordingSignal002@2x.png ... 
2018-09-15 14:06:42 +0000  460 bytes for ./Payload/Core.app/RecordingSignal002@2x.png
copying file ./Payload/Core.app/RecordingSignal003@2x.png ... 
466 bytes for ./Payload/Core.app/RecordingSignal003@2x.png
2018-09-15 14:06:42 +0000  copying file ./Payload/Core.app/RecordingSignal004@2x.png ... 
510 bytes for ./Payload/Core.app/RecordingSignal004@2x.png
copying file ./Payload/Core.app/RecordingSignal005@2x.png ... 
734 bytes for ./Payload/Core.app/RecordingSignal005@2x.png
copying file ./Payload/Core.app/RecordingSignal006@2x.png ... 
2018-09-15 14:06:42 +0000  751 bytes for ./Payload/Core.app/RecordingSignal006@2x.png
copying file ./Payload/Core.app/RecordingSignal007@2x.png ... 
2018-09-15 14:06:42 +0000  768 bytes for ./Payload/Core.app/RecordingSignal007@2x.png
copying file ./Payload/Core.app/RecordingSignal008@2x.png ... 
2018-09-15 14:06:42 +0000  779 bytes for ./Payload/Core.app/RecordingSignal008@2x.png
copying file ./Payload/Core.app/saoyisao@2x.png ... 
2018-09-15 14:06:42 +0000  225 bytes for ./Payload/Core.app/saoyisao@2x.png
copying file ./Payload/Core.app/search_47@2x.png ... 
2018-09-15 14:06:42 +0000  1062 bytes for ./Payload/Core.app/search_47@2x.png
copying file ./Payload/Core.app/search_47@3x.png ... 
1585 bytes for ./Payload/Core.app/search_47@3x.png
2018-09-15 14:06:42 +0000  copying file ./Payload/Core.app/select@2x.png ... 
2003 bytes for ./Payload/Core.app/select@2x.png
copying file ./Payload/Core.app/select@3x.png ... 
2018-09-15 14:06:42 +0000  3255 bytes for ./Payload/Core.app/select@3x.png
copying file ./Payload/Core.app/SenderVoiceNodePlaying000@2x.png ... 
2749 bytes for ./Payload/Core.app/SenderVoiceNodePlaying000@2x.png
copying file ./Payload/Core.app/SenderVoiceNodePlaying001@2x.png ... 
2018-09-15 14:06:42 +0000  1031 bytes for ./Payload/Core.app/SenderVoiceNodePlaying001@2x.png
copying file ./Payload/Core.app/SenderVoiceNodePlaying002@2x.png ... 
1086 bytes for ./Payload/Core.app/SenderVoiceNodePlaying002@2x.png
copying file ./Payload/Core.app/SenderVoiceNodePlaying003@2x.png ... 
1102 bytes for ./Payload/Core.app/SenderVoiceNodePlaying003@2x.png
copying file ./Payload/Core.app/SenderVoiceNodePlaying@2x.png ... 
2018-09-15 14:06:42 +0000  1102 bytes for ./Payload/Core.app/SenderVoiceNodePlaying@2x.png
copying file ./Payload/Core.app/sendmusic.mp3 ... 
2018-09-15 14:06:42 +0000  250775 bytes for ./Payload/Core.app/sendmusic.mp3
copying file ./Payload/Core.app/setting_55@2x.png ... 
2018-09-15 14:06:42 +0000  3496 bytes for ./Payload/Core.app/setting_55@2x.png
copying file ./Payload/Core.app/setting_55@3x.png ... 
4396 bytes for ./Payload/Core.app/setting_55@3x.png
copying file ./Payload/Core.app/shezhi@2x.png ... 
2018-09-15 14:06:42 +0000  1831 bytes for ./Payload/Core.app/shezhi@2x.png
copying file ./Payload/Core.app/talking_icon_c_@2x.png ... 
3735 bytes for ./Payload/Core.app/talking_icon_c_@2x.png
2018-09-15 14:06:42 +0000  copying file ./Payload/Core.app/talking_icon_c_@3x.png ... 
1633 bytes for ./Payload/Core.app/talking_icon_c_@3x.png
copying file ./Payload/Core.app/talking_icon_group@2x.png ... 
2018-09-15 14:06:42 +0000  5911 bytes for ./Payload/Core.app/talking_icon_group@2x.png
copying file ./Payload/Core.app/talking_icon_group@3x.png ... 
4719 bytes for ./Payload/Core.app/talking_icon_group@3x.png
2018-09-15 14:06:42 +0000  copying file ./Payload/Core.app/ThumbImageCollectionViewCell.nib ... 
3231 bytes for ./Payload/Core.app/ThumbImageCollectionViewCell.nib
2018-09-15 14:06:42 +0000  copying file ./Payload/Core.app/UMSocialSDKPromptResources.bundle/en.lproj/UMSocialPromptLocalizable.strings ... 
8304 bytes for ./Payload/Core.app/UMSocialSDKPromptResources.bundle/en.lproj/UMSocialPromptLocalizable.strings
2018-09-15 14:06:42 +0000  copying file ./Payload/Core.app/UMSocialSDKPromptResources.bundle/zh-Hans.lproj/UMSocialPromptLocalizable.strings ... 
8304 bytes for ./Payload/Core.app/UMSocialSDKPromptResources.bundle/zh-Hans.lproj/UMSocialPromptLocalizable.strings
2018-09-15 14:06:42 +0000  copying file ./Payload/Core.app/UMSocialSDKResources.bundle/Buttons/UMS_add_friend_off@2x.png ... 
134 bytes for ./Payload/Core.app/UMSocialSDKResources.bundle/Buttons/UMS_add_friend_off@2x.png
copying file ./Payload/Core.app/UMSocialSDKResources.bundle/Buttons/UMS_delete_image_button_normal@2x.png ... 
891 bytes for ./Payload/Core.app/UMSocialSDKResources.bundle/Buttons/UMS_delete_image_button_normal@2x.png
copying file ./Payload/Core.app/UMSocialSDKResources.bundle/Buttons/UMS_nav_button_close@2x.png ... 
2018-09-15 14:06:42 +0000  500 bytes for ./Payload/Core.app/UMSocialSDKResources.bundle/Buttons/UMS_nav_button_close@2x.png
copying file ./Payload/Core.app/UMSocialSDKResources.bundle/Buttons/UMS_nav_button_send@2x.png ... 
1624 bytes for ./Payload/Core.app/UMSocialSDKResources.bundle/Buttons/UMS_nav_button_send@2x.png
copying file ./Payload/Core.app/UMSocialSDKResources.bundle/Buttons/UMS_url_image@2x.png ... 
2018-09-15 14:06:42 +0000  1562 bytes for ./Payload/Core.app/UMSocialSDKResources.bundle/Buttons/UMS_url_image@2x.png
copying file ./Payload/Core.app/UMSocialSDKResources.bundle/Buttons/UMS_url_music@2x.png ... 
1771 bytes for ./Payload/Core.app/UMSocialSDKResources.bundle/Buttons/UMS_url_music@2x.png
copying file ./Payload/Core.app/UMSocialSDKResources.bundle/Buttons/UMS_url_video@2x.png ... 
2062 bytes for ./Payload/Core.app/UMSocialSDKResources.bundle/Buttons/UMS_url_video@2x.png
copying file ./Payload/Core.app/UMSocialSDKResources.bundle/en.lproj/UMSocialLocalizable.strings ... 
2018-09-15 14:06:42 +0000  6503 bytes for ./Payload/Core.app/UMSocialSDKResources.bundle/en.lproj/UMSocialLocalizable.strings
copying file ./Payload/Core.app/UMSocialSDKResources.bundle/UMSocialPlatformTheme/default/umsocial_alipay.png ... 
1370 bytes for ./Payload/Core.app/UMSocialSDKResources.bundle/UMSocialPlatformTheme/default/umsocial_alipay.png
copying file ./Payload/Core.app/UMSocialSDKResources.bundle/UMSocialPlatformTheme/default/umsocial_default.png ... 
2018-09-15 14:06:42 +0000  4203 bytes for ./Payload/Core.app/UMSocialSDKResources.bundle/UMSocialPlatformTheme/default/umsocial_default.png
copying file ./Payload/Core.app/UMSocialSDKResources.bundle/UMSocialPlatformTheme/default/umsocial_dingding.png ... 
1390 bytes for ./Payload/Core.app/UMSocialSDKResources.bundle/UMSocialPlatformTheme/default/umsocial_dingding.png
copying file ./Payload/Core.app/UMSocialSDKResources.bundle/UMSocialPlatformTheme/default/umsocial_douban.png ... 
813 bytes for ./Payload/Core.app/UMSocialSDKResources.bundle/UMSocialPlatformTheme/default/umsocial_douban.png
copying file ./Payload/Core.app/UMSocialSDKResources.bundle/UMSocialPlatformTheme/default/umsocial_dropbox.png ... 
2018-09-15 14:06:42 +0000  1692 bytes for ./Payload/Core.app/UMSocialSDKResources.bundle/UMSocialPlatformTheme/default/umsocial_dropbox.png
copying file ./Payload/Core.app/UMSocialSDKResources.bundle/UMSocialPlatformTheme/default/umsocial_email.png ... 
1211 bytes for ./Payload/Core.app/UMSocialSDKResources.bundle/UMSocialPlatformTheme/default/umsocial_email.png
copying file ./Payload/Core.app/UMSocialSDKResources.bundle/UMSocialPlatformTheme/default/umsocial_evernote.png ... 
2018-09-15 14:06:42 +0000  1267 bytes for ./Payload/Core.app/UMSocialSDKResources.bundle/UMSocialPlatformTheme/default/umsocial_evernote.png
copying file ./Payload/Core.app/UMSocialSDKResources.bundle/UMSocialPlatformTheme/default/umsocial_facebook.png ... 
1468 bytes for ./Payload/Core.app/UMSocialSDKResources.bundle/UMSocialPlatformTheme/default/umsocial_facebook.png
copying file ./Payload/Core.app/UMSocialSDKResources.bundle/UMSocialPlatformTheme/default/umsocial_facebookmessenger.png ... 
2018-09-15 14:06:42 +0000  1749 bytes for ./Payload/Core.app/UMSocialSDKResources.bundle/UMSocialPlatformTheme/default/umsocial_facebookmessenger.png
copying file ./Payload/Core.app/UMSocialSDKResources.bundle/UMSocialPlatformTheme/default/umsocial_flickr.png ... 
979 bytes for ./Payload/Core.app/UMSocialSDKResources.bundle/UMSocialPlatformTheme/default/umsocial_flickr.png
copying file ./Payload/Core.app/UMSocialSDKResources.bundle/UMSocialPlatformTheme/default/umsocial_googleplus.png ... 
2018-09-15 14:06:42 +0000  2320 bytes for ./Payload/Core.app/UMSocialSDKResources.bundle/UMSocialPlatformTheme/default/umsocial_googleplus.png
copying file ./Payload/Core.app/UMSocialSDKResources.bundle/UMSocialPlatformTheme/default/umsocial_instagram.png ... 
1952 bytes for ./Payload/Core.app/UMSocialSDKResources.bundle/UMSocialPlatformTheme/default/umsocial_instagram.png
2018-09-15 14:06:42 +0000  copying file ./Payload/Core.app/UMSocialSDKResources.bundle/UMSocialPlatformTheme/default/umsocial_kakaoTalk.png ... 
1893 bytes for ./Payload/Core.app/UMSocialSDKResources.bundle/UMSocialPlatformTheme/default/umsocial_kakaoTalk.png
copying file ./Payload/Core.app/UMSocialSDKResources.bundle/UMSocialPlatformTheme/default/umsocial_line.png ... 
2018-09-15 14:06:42 +0000  1720 bytes for ./Payload/Core.app/UMSocialSDKResources.bundle/UMSocialPlatformTheme/default/umsocial_line.png
copying file ./Payload/Core.app/UMSocialSDKResources.bundle/UMSocialPlatformTheme/default/umsocial_linkedin.png ... 
1637 bytes for ./Payload/Core.app/UMSocialSDKResources.bundle/UMSocialPlatformTheme/default/umsocial_linkedin.png
copying file ./Payload/Core.app/UMSocialSDKResources.bundle/UMSocialPlatformTheme/default/umsocial_lw_session.png ... 
2018-09-15 14:06:42 +0000  2391 bytes for ./Payload/Core.app/UMSocialSDKResources.bundle/UMSocialPlatformTheme/default/umsocial_lw_session.png
copying file ./Payload/Core.app/UMSocialSDKResources.bundle/UMSocialPlatformTheme/default/umsocial_lw_timeline.png ... 
1139 bytes for ./Payload/Core.app/UMSocialSDKResources.bundle/UMSocialPlatformTheme/default/umsocial_lw_timeline.png
copying file ./Payload/Core.app/UMSocialSDKResources.bundle/UMSocialPlatformTheme/default/umsocial_pinterest.png ... 
2018-09-15 14:06:42 +0000  1987 bytes for ./Payload/Core.app/UMSocialSDKResources.bundle/UMSocialPlatformTheme/default/umsocial_pinterest.png
copying file ./Payload/Core.app/UMSocialSDKResources.bundle/UMSocialPlatformTheme/default/umsocial_pocket.png ... 
1405 bytes for ./Payload/Core.app/UMSocialSDKResources.bundle/UMSocialPlatformTheme/default/umsocial_pocket.png
2018-09-15 14:06:42 +0000  copying file ./Payload/Core.app/UMSocialSDKResources.bundle/UMSocialPlatformTheme/default/umsocial_qq.png ... 
3505 bytes for ./Payload/Core.app/UMSocialSDKResources.bundle/UMSocialPlatformTheme/default/umsocial_qq.png
copying file ./Payload/Core.app/UMSocialSDKResources.bundle/UMSocialPlatformTheme/default/umsocial_qzone.png ... 
2018-09-15 14:06:42 +0000  2083 bytes for ./Payload/Core.app/UMSocialSDKResources.bundle/UMSocialPlatformTheme/default/umsocial_qzone.png
copying file ./Payload/Core.app/UMSocialSDKResources.bundle/UMSocialPlatformTheme/default/umsocial_renren.png ... 
1529 bytes for ./Payload/Core.app/UMSocialSDKResources.bundle/UMSocialPlatformTheme/default/umsocial_renren.png
copying file ./Payload/Core.app/UMSocialSDKResources.bundle/UMSocialPlatformTheme/default/umsocial_sina.png ... 
2018-09-15 14:06:42 +0000  2581 bytes for ./Payload/Core.app/UMSocialSDKResources.bundle/UMSocialPlatformTheme/default/umsocial_sina.png
copying file ./Payload/Core.app/UMSocialSDKResources.bundle/UMSocialPlatformTheme/default/umsocial_sms.png ... 
1127 bytes for ./Payload/Core.app/UMSocialSDKResources.bundle/UMSocialPlatformTheme/default/umsocial_sms.png
2018-09-15 14:06:42 +0000  copying file ./Payload/Core.app/UMSocialSDKResources.bundle/UMSocialPlatformTheme/default/umsocial_tencentWB.png ... 
1943 bytes for ./Payload/Core.app/UMSocialSDKResources.bundle/UMSocialPlatformTheme/default/umsocial_tencentWB.png
copying file ./Payload/Core.app/UMSocialSDKResources.bundle/UMSocialPlatformTheme/default/umsocial_tim.png ... 
2597 bytes for ./Payload/Core.app/UMSocialSDKResources.bundle/UMSocialPlatformTheme/default/umsocial_tim.png
2018-09-15 14:06:42 +0000  copying file ./Payload/Core.app/UMSocialSDKResources.bundle/UMSocialPlatformTheme/default/umsocial_tumblr.png ... 
1564 bytes for ./Payload/Core.app/UMSocialSDKResources.bundle/UMSocialPlatformTheme/default/umsocial_tumblr.png
copying file ./Payload/Core.app/UMSocialSDKResources.bundle/UMSocialPlatformTheme/default/umsocial_twitter.png ... 
1442 bytes for ./Payload/Core.app/UMSocialSDKResources.bundle/UMSocialPlatformTheme/default/umsocial_twitter.png
copying file ./Payload/Core.app/UMSocialSDKResources.bundle/UMSocialPlatformTheme/default/umsocial_vkontakte.png ... 
2018-09-15 14:06:42 +0000  1867 bytes for ./Payload/Core.app/UMSocialSDKResources.bundle/UMSocialPlatformTheme/default/umsocial_vkontakte.png
copying file ./Payload/Core.app/UMSocialSDKResources.bundle/UMSocialPlatformTheme/default/umsocial_wechat.png ... 
2018-09-15 14:06:42 +0000  1628 bytes for ./Payload/Core.app/UMSocialSDKResources.bundle/UMSocialPlatformTheme/default/umsocial_wechat.png
copying file ./Payload/Core.app/UMSocialSDKResources.bundle/UMSocialPlatformTheme/default/umsocial_wechat_favorite.png ... 
2018-09-15 14:06:42 +0000  1179 bytes for ./Payload/Core.app/UMSocialSDKResources.bundle/UMSocialPlatformTheme/default/umsocial_wechat_favorite.png
copying file ./Payload/Core.app/UMSocialSDKResources.bundle/UMSocialPlatformTheme/default/umsocial_wechat_timeline.png ... 
2018-09-15 14:06:42 +0000  1506 bytes for ./Payload/Core.app/UMSocialSDKResources.bundle/UMSocialPlatformTheme/default/umsocial_wechat_timeline.png
copying file ./Payload/Core.app/UMSocialSDKResources.bundle/UMSocialPlatformTheme/default/umsocial_whatsapp.png ... 
1832 bytes for ./Payload/Core.app/UMSocialSDKResources.bundle/UMSocialPlatformTheme/default/umsocial_whatsapp.png
copying file ./Payload/Core.app/UMSocialSDKResources.bundle/UMSocialPlatformTheme/default/umsocial_yixin_favorite.png ... 
2018-09-15 14:06:42 +0000  4145 bytes for ./Payload/Core.app/UMSocialSDKResources.bundle/UMSocialPlatformTheme/default/umsocial_yixin_favorite.png
copying file ./Payload/Core.app/UMSocialSDKResources.bundle/UMSocialPlatformTheme/default/umsocial_yixin_session.png ... 
2018-09-15 14:06:42 +0000  1833 bytes for ./Payload/Core.app/UMSocialSDKResources.bundle/UMSocialPlatformTheme/default/umsocial_yixin_session.png
copying file ./Payload/Core.app/UMSocialSDKResources.bundle/UMSocialPlatformTheme/default/umsocial_yixin_timeline.png ... 
2018-09-15 14:06:42 +0000  2199 bytes for ./Payload/Core.app/UMSocialSDKResources.bundle/UMSocialPlatformTheme/default/umsocial_yixin_timeline.png
copying file ./Payload/Core.app/UMSocialSDKResources.bundle/UMSocialPlatformTheme/default/umsocial_youdaonote.png ... 
2018-09-15 14:06:42 +0000  1158 bytes for ./Payload/Core.app/UMSocialSDKResources.bundle/UMSocialPlatformTheme/default/umsocial_youdaonote.png
copying file ./Payload/Core.app/UMSocialSDKResources.bundle/UMSocialWaterMark/umsocial_defaultwatermark.png ... 
2018-09-15 14:06:42 +0000  3003 bytes for ./Payload/Core.app/UMSocialSDKResources.bundle/UMSocialWaterMark/umsocial_defaultwatermark.png
copying file ./Payload/Core.app/UMSocialSDKResources.bundle/zh-Hans.lproj/UMSocialLocalizable.strings ... 
2018-09-15 14:06:42 +0000  6685 bytes for ./Payload/Core.app/UMSocialSDKResources.bundle/zh-Hans.lproj/UMSocialLocalizable.strings
copying file ./Payload/Core.app/unselect@2x.png ... 
2018-09-15 14:06:42 +0000  1469 bytes for ./Payload/Core.app/unselect@2x.png
copying file ./Payload/Core.app/unselect@3x.png ... 
2018-09-15 14:06:42 +0000  2593 bytes for ./Payload/Core.app/unselect@3x.png
copying file ./Payload/Core.app/userDetail@2x.png ... 
3503 bytes for ./Payload/Core.app/userDetail@2x.png
copying file ./Payload/Core.app/userDetail@3x.png ... 
2018-09-15 14:06:42 +0000  1422 bytes for ./Payload/Core.app/userDetail@3x.png
copying file ./Payload/Core.app/video_40@2x.png ... 
1512 bytes for ./Payload/Core.app/video_40@2x.png
2018-09-15 14:06:42 +0000  copying file ./Payload/Core.app/video_40@3x.png ... 
2063 bytes for ./Payload/Core.app/video_40@3x.png
copying file ./Payload/Core.app/voice_delete@2x.png ... 
2018-09-15 14:06:42 +0000  2072 bytes for ./Payload/Core.app/voice_delete@2x.png
copying file ./Payload/Core.app/voice_time-short@2x.png ... 
4728 bytes for ./Payload/Core.app/voice_time-short@2x.png
2018-09-15 14:06:42 +0000  copying file ./Payload/Core.app/voice_toolbar@2x.png ... 
3945 bytes for ./Payload/Core.app/voice_toolbar@2x.png
copying file ./Payload/Core.app/voice_toolbar@3x.png ... 
2018-09-15 14:06:42 +0000  2069 bytes for ./Payload/Core.app/voice_toolbar@3x.png
copying file ./Payload/Core.app/voice_toolbar_pre@2x.png ... 
2018-09-15 14:06:42 +0000  3931 bytes for ./Payload/Core.app/voice_toolbar_pre@2x.png
copying file ./Payload/Core.app/voice_toolbar_pre@3x.png ... 
2059 bytes for ./Payload/Core.app/voice_toolbar_pre@3x.png
copying file ./Payload/Core.app/yuyin@2x.png ... 
2018-09-15 14:06:42 +0000  2854 bytes for ./Payload/Core.app/yuyin@2x.png
copying file ./Payload/Core.app/zhaopian@2x.png ... 
2018-09-15 14:06:42 +0000  9032 bytes for ./Payload/Core.app/zhaopian@2x.png
copying file ./Payload/Core.app/_41.png ... 
967 bytes for ./Payload/Core.app/_41.png
2018-09-15 14:06:42 +0000  copying file ./Payload/Core.app/_43.png ... 
427 bytes for ./Payload/Core.app/_43.png
copying file ./Payload/Core.app/_47.png ... 
2018-09-15 14:06:42 +0000  1062 bytes for ./Payload/Core.app/_47.png
copying file ./Payload/Core.app/_49.png ... 
2018-09-15 14:06:42 +0000  776 bytes for ./Payload/Core.app/_49.png
2018-09-15 14:06:42 +0000  
2018-09-15 14:06:42 +0000  /usr/bin/ditto exited with 0
2018-09-15 14:06:42 +0000  2018-09-15 14:06:42 +0000  2018-09-15 14:06:42 +0000  Processing step: IDEDistributionCreateManifestStep


